#
# There is insufficient memory for the Java Runtime Environment to continue.
# Native memory allocation (mmap) failed to map 23068672 bytes for G1 virtual space
# Possible reasons:
#   The system is out of physical RAM or swap space
#   The process is running with CompressedOops enabled, and the Java Heap may be blocking the growth of the native heap
# Possible solutions:
#   Reduce memory load on the system
#   Increase physical memory or swap space
#   Check if swap backing store is full
#   Decrease Java heap size (-Xmx/-Xms)
#   Decrease number of Java threads
#   Decrease Java thread stack sizes (-Xss)
#   Set larger code cache with -XX:ReservedCodeCacheSize=
#   JVM is running with Unscaled Compressed Oops mode in which the Java heap is
#     placed in the first 4GB address space. The Java Heap base address is the
#     maximum limit for the native heap growth. Please use -XX:HeapBaseMinAddress
#     to set the Java Heap base and to place the Java Heap above 4GB virtual address.
# This output file may be truncated or incomplete.
#
#  Out of Memory Error (os_windows.cpp:3771), pid=18764, tid=26080
#
# JRE version: OpenJDK Runtime Environment (17.0.7) (build 17.0.7+0-b2043.56-10550314)
# Java VM: OpenJDK 64-Bit Server VM (17.0.7+0-b2043.56-10550314, mixed mode, tiered, compressed oops, compressed class ptrs, g1 gc, windows-amd64)
# No core dump will be written. Minidumps are not enabled by default on client versions of Windows
#

---------------  S U M M A R Y ------------

Command Line: --add-opens=java.base/java.util=ALL-UNNAMED --add-opens=java.base/java.lang=ALL-UNNAMED --add-opens=java.base/java.lang.invoke=ALL-UNNAMED --add-opens=java.prefs/java.util.prefs=ALL-UNNAMED --add-opens=java.base/java.nio.charset=ALL-UNNAMED --add-opens=java.base/java.net=ALL-UNNAMED --add-opens=java.base/java.util.concurrent.atomic=ALL-UNNAMED -Xmx2048m -Dfile.encoding=UTF-8 -Duser.country=US -Duser.language=en -Duser.variant -javaagent:C:\Users\haidu\.gradle\wrapper\dists\gradle-8.2-bin\bbg7u40eoinfdyxsxr3z4i7ta\gradle-8.2\lib\agents\gradle-instrumentation-agent-8.2.jar org.gradle.launcher.daemon.bootstrap.GradleDaemon 8.2

Host: 11th Gen Intel(R) Core(TM) i7-11800H @ 2.30GHz, 16 cores, 7G,  Windows 11 , 64 bit Build 22621 (10.0.22621.3235)
Time: Fri Apr  5 02:07:51 2024 SE Asia Standard Time elapsed time: 7.021091 seconds (0d 0h 0m 7s)

---------------  T H R E A D  ---------------

Current thread (0x000001d29c252640):  VMThread "VM Thread" [stack: 0x000000ab0ef00000,0x000000ab0f000000] [id=26080]

Stack: [0x000000ab0ef00000,0x000000ab0f000000]
Native frames: (J=compiled Java code, j=interpreted, Vv=VM code, C=native code)
V  [jvm.dll+0x683bfa]
V  [jvm.dll+0x8430a4]
V  [jvm.dll+0x8449be]
V  [jvm.dll+0x845023]
V  [jvm.dll+0x24ad2f]
V  [jvm.dll+0x680ac9]
V  [jvm.dll+0x67519a]
V  [jvm.dll+0x30b3cb]
V  [jvm.dll+0x312876]
V  [jvm.dll+0x36221e]
V  [jvm.dll+0x36244f]
V  [jvm.dll+0x2e14a8]
V  [jvm.dll+0x2e4596]
V  [jvm.dll+0x2eed58]
V  [jvm.dll+0x323a40]
V  [jvm.dll+0x8496eb]
V  [jvm.dll+0x84a424]
V  [jvm.dll+0x84a93d]
V  [jvm.dll+0x84ad14]
V  [jvm.dll+0x84ade0]
V  [jvm.dll+0x7f2aea]
V  [jvm.dll+0x682a35]
C  [ucrtbase.dll+0x29363]
C  [KERNEL32.DLL+0x1257d]
C  [ntdll.dll+0x5aa58]

VM_Operation (0x000000ab0ebff3c0): G1Concurrent, mode: safepoint, requested by thread 0x000001d2ff943790


---------------  P R O C E S S  ---------------

Threads class SMR info:
_java_thread_list=0x000001d2a14444d0, length=70, elements={
0x000001d2ff8d3190, 0x000001d29c265f20, 0x000001d29c266ad0, 0x000001d29c295150,
0x000001d29c2a9d90, 0x000001d29c2aa940, 0x000001d29c2af710, 0x000001d29c2c7b30,
0x000001d29c2c8430, 0x000001d29c2c8d30, 0x000001d29c3c7a50, 0x000001d29c39d410,
0x000001d29c569360, 0x000001d2a1c50de0, 0x000001d2a1a2c570, 0x000001d2a28299f0,
0x000001d2a282a860, 0x000001d2a282b6d0, 0x000001d2a2829ec0, 0x000001d2a282ad30,
0x000001d2a2828b80, 0x000001d2a282a390, 0x000001d2a2829050, 0x000001d2a2829520,
0x000001d2a282b200, 0x000001d2a282bba0, 0x000001d2a28281e0, 0x000001d2a28286b0,
0x000001d2a3eb9300, 0x000001d2a3eb4600, 0x000001d2a3eb97d0, 0x000001d2a3eb8e30,
0x000001d2a3eb4ad0, 0x000001d2a3eb8960, 0x000001d2a3eb9ca0, 0x000001d2a3eb4130,
0x000001d2a3eba640, 0x000001d2a3eb2df0, 0x000001d2a3eb7fc0, 0x000001d2a3eb7af0,
0x000001d2a3eb8490, 0x000001d2a3eb67b0, 0x000001d2a3eb5940, 0x000001d2a3eb4fa0,
0x000001d2a3eb62e0, 0x000001d2a3eb5470, 0x000001d2a3eb6c80, 0x000001d2a32b7f90,
0x000001d2a32b7120, 0x000001d2a32b8460, 0x000001d2a32bc7c0, 0x000001d2a32bb480,
0x000001d2a32b8930, 0x000001d2a32bbe20, 0x000001d2a32b9c70, 0x000001d2a32bb950,
0x000001d2a32b75f0, 0x000001d2a32bd160, 0x000001d2a32bdb00, 0x000001d2a32be970,
0x000001d2a32b92d0, 0x000001d2a32bcc90, 0x000001d2a32b7ac0, 0x000001d2a32bdfd0,
0x000001d2a32be4a0, 0x000001d2a32ba140, 0x000001d2a32b8e00, 0x000001d2a32bd630,
0x000001d2a32b97a0, 0x000001d2a32ba610
}

Java Threads: ( => current thread )
  0x000001d2ff8d3190 JavaThread "main" [_thread_blocked, id=16892, stack(0x000000ab0e900000,0x000000ab0ea00000)]
  0x000001d29c265f20 JavaThread "Reference Handler" daemon [_thread_blocked, id=22096, stack(0x000000ab0f000000,0x000000ab0f100000)]
  0x000001d29c266ad0 JavaThread "Finalizer" daemon [_thread_blocked, id=25492, stack(0x000000ab0f100000,0x000000ab0f200000)]
  0x000001d29c295150 JavaThread "Signal Dispatcher" daemon [_thread_blocked, id=21424, stack(0x000000ab0f200000,0x000000ab0f300000)]
  0x000001d29c2a9d90 JavaThread "Attach Listener" daemon [_thread_blocked, id=3836, stack(0x000000ab0f300000,0x000000ab0f400000)]
  0x000001d29c2aa940 JavaThread "Service Thread" daemon [_thread_blocked, id=19656, stack(0x000000ab0f400000,0x000000ab0f500000)]
  0x000001d29c2af710 JavaThread "Monitor Deflation Thread" daemon [_thread_blocked, id=3680, stack(0x000000ab0f500000,0x000000ab0f600000)]
  0x000001d29c2c7b30 JavaThread "C2 CompilerThread0" daemon [_thread_in_native, id=23720, stack(0x000000ab0f600000,0x000000ab0f700000)]
  0x000001d29c2c8430 JavaThread "C1 CompilerThread0" daemon [_thread_blocked, id=27140, stack(0x000000ab0f700000,0x000000ab0f800000)]
  0x000001d29c2c8d30 JavaThread "Sweeper thread" daemon [_thread_blocked, id=8032, stack(0x000000ab0f800000,0x000000ab0f900000)]
  0x000001d29c3c7a50 JavaThread "Common-Cleaner" daemon [_thread_blocked, id=22336, stack(0x000000ab0f900000,0x000000ab0fa00000)]
  0x000001d29c39d410 JavaThread "C1 CompilerThread1" daemon [_thread_blocked, id=15588, stack(0x000000ab0fa00000,0x000000ab0fb00000)]
  0x000001d29c569360 JavaThread "Notification Thread" daemon [_thread_blocked, id=18168, stack(0x000000ab0fb00000,0x000000ab0fc00000)]
  0x000001d2a1c50de0 JavaThread "C1 CompilerThread2" daemon [_thread_blocked, id=24300, stack(0x000000ab0fe00000,0x000000ab0ff00000)]
  0x000001d2a1a2c570 JavaThread "C1 CompilerThread3" daemon [_thread_blocked, id=9940, stack(0x000000ab0ff00000,0x000000ab10000000)]
  0x000001d2a28299f0 JavaThread "Daemon health stats" [_thread_blocked, id=19608, stack(0x000000ab10400000,0x000000ab10500000)]
  0x000001d2a282a860 JavaThread "Incoming local TCP Connector on port 60702" [_thread_in_native, id=24808, stack(0x000000ab10500000,0x000000ab10600000)]
  0x000001d2a282b6d0 JavaThread "Daemon periodic checks" [_thread_blocked, id=14904, stack(0x000000ab10600000,0x000000ab10700000)]
  0x000001d2a2829ec0 JavaThread "Daemon" [_thread_blocked, id=15212, stack(0x000000ab10700000,0x000000ab10800000)]
  0x000001d2a282ad30 JavaThread "Handler for socket connection from /127.0.0.1:60702 to /127.0.0.1:60703" [_thread_in_native, id=20324, stack(0x000000ab10800000,0x000000ab10900000)]
  0x000001d2a2828b80 JavaThread "Cancel handler" [_thread_blocked, id=21336, stack(0x000000ab10900000,0x000000ab10a00000)]
  0x000001d2a282a390 JavaThread "Daemon worker" [_thread_blocked, id=12448, stack(0x000000ab10a00000,0x000000ab10b00000)]
  0x000001d2a2829050 JavaThread "Asynchronous log dispatcher for DefaultDaemonConnection: socket connection from /127.0.0.1:60702 to /127.0.0.1:60703" [_thread_blocked, id=7024, stack(0x000000ab10b00000,0x000000ab10c00000)]
  0x000001d2a2829520 JavaThread "Stdin handler" [_thread_blocked, id=16020, stack(0x000000ab10c00000,0x000000ab10d00000)]
  0x000001d2a282b200 JavaThread "Daemon client event forwarder" [_thread_blocked, id=17084, stack(0x000000ab10d00000,0x000000ab10e00000)]
  0x000001d2a282bba0 JavaThread "Cache worker for journal cache (C:\Users\haidu\.gradle\caches\journal-1)" [_thread_blocked, id=2276, stack(0x000000ab11800000,0x000000ab11900000)]
  0x000001d2a28281e0 JavaThread "File lock request listener" [_thread_in_native, id=23320, stack(0x000000ab11900000,0x000000ab11a00000)]
  0x000001d2a28286b0 JavaThread "Cache worker for file hash cache (C:\Users\haidu\.gradle\caches\8.2\fileHashes)" [_thread_blocked, id=20688, stack(0x000000ab11a00000,0x000000ab11b00000)]
  0x000001d2a3eb9300 JavaThread "File watcher server" daemon [_thread_in_native, id=4052, stack(0x000000ab11b00000,0x000000ab11c00000)]
  0x000001d2a3eb4600 JavaThread "File watcher consumer" daemon [_thread_blocked, id=22760, stack(0x000000ab11c00000,0x000000ab11d00000)]
  0x000001d2a3eb97d0 JavaThread "Cache worker for checksums cache (C:\Users\haidu\Documents\movie-app\Android\MovieApp\.gradle\8.2\checksums)" [_thread_blocked, id=18944, stack(0x000000ab11d00000,0x000000ab11e00000)]
  0x000001d2a3eb8e30 JavaThread "Cache worker for cache directory md-rule (C:\Users\haidu\.gradle\caches\8.2\md-rule)" [_thread_blocked, id=17948, stack(0x000000ab11e00000,0x000000ab11f00000)]
  0x000001d2a3eb4ad0 JavaThread "Cache worker for file content cache (C:\Users\haidu\.gradle\caches\8.2\fileContent)" [_thread_blocked, id=19236, stack(0x000000ab11f00000,0x000000ab12000000)]
  0x000001d2a3eb8960 JavaThread "Cache worker for file hash cache (C:\Users\haidu\Documents\movie-app\Android\MovieApp\.gradle\8.2\fileHashes)" [_thread_blocked, id=13876, stack(0x000000ab12000000,0x000000ab12100000)]
  0x000001d2a3eb9ca0 JavaThread "Cache worker for cache directory md-supplier (C:\Users\haidu\.gradle\caches\8.2\md-supplier)" [_thread_blocked, id=15880, stack(0x000000ab12100000,0x000000ab12200000)]
  0x000001d2a3eb4130 JavaThread "Cache worker for execution history cache (C:\Users\haidu\.gradle\caches\8.2\executionHistory)" [_thread_blocked, id=4388, stack(0x000000ab0fd00000,0x000000ab0fe00000)]
  0x000001d2a3eba640 JavaThread "jar transforms" [_thread_blocked, id=26116, stack(0x000000ab12300000,0x000000ab12400000)]
  0x000001d2a3eb2df0 JavaThread "jar transforms Thread 2" [_thread_blocked, id=24532, stack(0x000000ab12400000,0x000000ab12500000)]
  0x000001d2a3eb7fc0 JavaThread "Cache worker for kotlin-dsl (C:\Users\haidu\.gradle\caches\8.2\kotlin-dsl)" [_thread_blocked, id=24332, stack(0x000000ab12500000,0x000000ab12600000)]
  0x000001d2a3eb7af0 JavaThread "jar transforms Thread 3" [_thread_blocked, id=5204, stack(0x000000ab12600000,0x000000ab12700000)]
  0x000001d2a3eb8490 JavaThread "jar transforms Thread 4" [_thread_blocked, id=15120, stack(0x000000ab12700000,0x000000ab12800000)]
  0x000001d2a3eb67b0 JavaThread "jar transforms Thread 5" [_thread_blocked, id=20632, stack(0x000000ab12800000,0x000000ab12900000)]
  0x000001d2a3eb5940 JavaThread "jar transforms Thread 6" [_thread_blocked, id=18544, stack(0x000000ab12900000,0x000000ab12a00000)]
  0x000001d2a3eb4fa0 JavaThread "Cache worker for dependencies-accessors (C:\Users\haidu\Documents\movie-app\Android\MovieApp\.gradle\8.2\dependencies-accessors)" [_thread_blocked, id=16460, stack(0x000000ab12a00000,0x000000ab12b00000)]
  0x000001d2a3eb62e0 JavaThread "Cache worker for Build Output Cleanup Cache (C:\Users\haidu\Documents\movie-app\Android\MovieApp\.gradle\buildOutputCleanup)" [_thread_blocked, id=24864, stack(0x000000ab12b00000,0x000000ab12c00000)]
  0x000001d2a3eb5470 JavaThread "jar transforms Thread 7" [_thread_blocked, id=25212, stack(0x000000ab12c00000,0x000000ab12d00000)]
  0x000001d2a3eb6c80 JavaThread "jar transforms Thread 8" [_thread_blocked, id=2324, stack(0x000000ab12d00000,0x000000ab12e00000)]
  0x000001d2a32b7f90 JavaThread "Unconstrained build operations" [_thread_blocked, id=25260, stack(0x000000ab12e00000,0x000000ab12f00000)]
  0x000001d2a32b7120 JavaThread "Unconstrained build operations Thread 2" [_thread_blocked, id=25556, stack(0x000000ab12f00000,0x000000ab13000000)]
  0x000001d2a32b8460 JavaThread "Unconstrained build operations Thread 3" [_thread_blocked, id=3688, stack(0x000000ab13000000,0x000000ab13100000)]
  0x000001d2a32bc7c0 JavaThread "Unconstrained build operations Thread 4" [_thread_blocked, id=19508, stack(0x000000ab13100000,0x000000ab13200000)]
  0x000001d2a32bb480 JavaThread "Unconstrained build operations Thread 5" [_thread_blocked, id=24160, stack(0x000000ab13200000,0x000000ab13300000)]
  0x000001d2a32b8930 JavaThread "Unconstrained build operations Thread 6" [_thread_blocked, id=1912, stack(0x000000ab13300000,0x000000ab13400000)]
  0x000001d2a32bbe20 JavaThread "Unconstrained build operations Thread 7" [_thread_blocked, id=1464, stack(0x000000ab13400000,0x000000ab13500000)]
  0x000001d2a32b9c70 JavaThread "Unconstrained build operations Thread 8" [_thread_blocked, id=12116, stack(0x000000ab13500000,0x000000ab13600000)]
  0x000001d2a32bb950 JavaThread "Unconstrained build operations Thread 9" [_thread_blocked, id=6236, stack(0x000000ab13600000,0x000000ab13700000)]
  0x000001d2a32b75f0 JavaThread "Unconstrained build operations Thread 10" [_thread_blocked, id=11664, stack(0x000000ab13700000,0x000000ab13800000)]
  0x000001d2a32bd160 JavaThread "Unconstrained build operations Thread 11" [_thread_blocked, id=7440, stack(0x000000ab13800000,0x000000ab13900000)]
  0x000001d2a32bdb00 JavaThread "Unconstrained build operations Thread 12" [_thread_blocked, id=14616, stack(0x000000ab13900000,0x000000ab13a00000)]
  0x000001d2a32be970 JavaThread "Unconstrained build operations Thread 13" [_thread_blocked, id=22888, stack(0x000000ab13a00000,0x000000ab13b00000)]
  0x000001d2a32b92d0 JavaThread "Unconstrained build operations Thread 14" [_thread_blocked, id=12148, stack(0x000000ab13b00000,0x000000ab13c00000)]
  0x000001d2a32bcc90 JavaThread "Unconstrained build operations Thread 15" [_thread_blocked, id=22440, stack(0x000000ab13c00000,0x000000ab13d00000)]
  0x000001d2a32b7ac0 JavaThread "jar transforms Thread 9" [_thread_blocked, id=15856, stack(0x000000ab13d00000,0x000000ab13e00000)]
  0x000001d2a32bdfd0 JavaThread "jar transforms Thread 10" [_thread_blocked, id=18268, stack(0x000000ab13e00000,0x000000ab13f00000)]
  0x000001d2a32be4a0 JavaThread "jar transforms Thread 11" [_thread_blocked, id=15960, stack(0x000000ab13f00000,0x000000ab14000000)]
  0x000001d2a32ba140 JavaThread "jar transforms Thread 12" [_thread_blocked, id=25992, stack(0x000000ab14000000,0x000000ab14100000)]
  0x000001d2a32b8e00 JavaThread "jar transforms Thread 13" [_thread_blocked, id=5580, stack(0x000000ab14100000,0x000000ab14200000)]
  0x000001d2a32bd630 JavaThread "jar transforms Thread 14" [_thread_blocked, id=12792, stack(0x000000ab14200000,0x000000ab14300000)]
  0x000001d2a32b97a0 JavaThread "jar transforms Thread 15" [_thread_blocked, id=14096, stack(0x000000ab14300000,0x000000ab14400000)]
  0x000001d2a32ba610 JavaThread "jar transforms Thread 16" [_thread_blocked, id=11552, stack(0x000000ab14400000,0x000000ab14500000)]

Other Threads:
=>0x000001d29c252640 VMThread "VM Thread" [stack: 0x000000ab0ef00000,0x000000ab0f000000] [id=26080]
  0x000001d2ff94f4c0 WatcherThread [stack: 0x000000ab0fc00000,0x000000ab0fd00000] [id=13536]
  0x000001d2ff931b90 GCTaskThread "GC Thread#0" [stack: 0x000000ab0ea00000,0x000000ab0eb00000] [id=27368]
  0x000001d2a1a0f740 GCTaskThread "GC Thread#1" [stack: 0x000000ab10000000,0x000000ab10100000] [id=4560]
  0x000001d2a1a023f0 GCTaskThread "GC Thread#2" [stack: 0x000000ab10100000,0x000000ab10200000] [id=15596]
  0x000001d2a1a026a0 GCTaskThread "GC Thread#3" [stack: 0x000000ab10200000,0x000000ab10300000] [id=13912]
  0x000001d2a11fb5a0 GCTaskThread "GC Thread#4" [stack: 0x000000ab10300000,0x000000ab10400000] [id=12080]
  0x000001d2a33726b0 GCTaskThread "GC Thread#5" [stack: 0x000000ab10e00000,0x000000ab10f00000] [id=22408]
  0x000001d2a31fe9f0 GCTaskThread "GC Thread#6" [stack: 0x000000ab10f00000,0x000000ab11000000] [id=25704]
  0x000001d2a27e5960 GCTaskThread "GC Thread#7" [stack: 0x000000ab11000000,0x000000ab11100000] [id=25128]
  0x000001d2a3a2fc50 GCTaskThread "GC Thread#8" [stack: 0x000000ab11100000,0x000000ab11200000] [id=11772]
  0x000001d2a29b1cd0 GCTaskThread "GC Thread#9" [stack: 0x000000ab11200000,0x000000ab11300000] [id=1344]
  0x000001d2a37cc860 GCTaskThread "GC Thread#10" [stack: 0x000000ab11300000,0x000000ab11400000] [id=13232]
  0x000001d2a33222c0 GCTaskThread "GC Thread#11" [stack: 0x000000ab11400000,0x000000ab11500000] [id=25376]
  0x000001d2a32ce820 GCTaskThread "GC Thread#12" [stack: 0x000000ab11500000,0x000000ab11600000] [id=9200]
  0x000001d2ff943790 ConcurrentGCThread "G1 Main Marker" [stack: 0x000000ab0eb00000,0x000000ab0ec00000] [id=20272]
  0x000001d2ff9441a0 ConcurrentGCThread "G1 Conc#0" [stack: 0x000000ab0ec00000,0x000000ab0ed00000] [id=27288]
  0x000001d2a3149980 ConcurrentGCThread "G1 Conc#1" [stack: 0x000000ab11600000,0x000000ab11700000] [id=10432]
  0x000001d2a3027340 ConcurrentGCThread "G1 Conc#2" [stack: 0x000000ab11700000,0x000000ab11800000] [id=25780]
  0x000001d29b905210 ConcurrentGCThread "G1 Refine#0" [stack: 0x000000ab0ed00000,0x000000ab0ee00000] [id=5152]
  0x000001d2a4c760f0 ConcurrentGCThread "G1 Refine#1" [stack: 0x000000ab14500000,0x000000ab14600000] [id=13376]
  0x000001d2a4c76c70 ConcurrentGCThread "G1 Refine#2" [stack: 0x000000ab14600000,0x000000ab14700000] [id=1548]
  0x000001d29b905a40 ConcurrentGCThread "G1 Service" [stack: 0x000000ab0ee00000,0x000000ab0ef00000] [id=7888]

Threads with active compile tasks:
C2 CompilerThread0     7058 6526   !   4       java.net.URLClassLoader::findClass (47 bytes)
C1 CompilerThread3     7058 6597       3       java.lang.reflect.AccessibleObject::checkAccess (40 bytes)

VM state: at safepoint (normal execution)

VM Mutex/Monitor currently owned by a thread:  ([mutex/lock_event])
[0x000001d2ff8cf560] Threads_lock - owner thread: 0x000001d29c252640
[0x000001d2ff8cecf0] Heap_lock - owner thread: 0x000001d2ff943790

Heap address: 0x0000000080000000, size: 2048 MB, Compressed Oops mode: 32-bit

CDS archive(s) not mapped
Compressed class space mapped at: 0x0000000100000000-0x0000000140000000, reserved size: 1073741824
Narrow klass base: 0x0000000000000000, Narrow klass shift: 3, Narrow klass range: 0x140000000

GC Precious Log:
 CPUs: 16 total, 16 available
 Memory: 7893M
 Large Page Support: Disabled
 NUMA Support: Disabled
 Compressed Oops: Enabled (32-bit)
 Heap Region Size: 1M
 Heap Min Capacity: 8M
 Heap Initial Capacity: 124M
 Heap Max Capacity: 2G
 Pre-touch: Disabled
 Parallel Workers: 13
 Concurrent Workers: 3
 Concurrent Refinement Workers: 13
 Periodic GC: Disabled

Heap:
 garbage-first heap   total 87040K, used 62650K [0x0000000080000000, 0x0000000100000000)
  region size 1024K, 3 young (3072K), 1 survivors (1024K)
 Metaspace       used 56943K, committed 57472K, reserved 1114112K
  class space    used 7646K, committed 7872K, reserved 1048576K

Heap Regions: E=young(eden), S=young(survivor), O=old, HS=humongous(starts), HC=humongous(continues), CS=collection set, F=free, OA=open archive, CA=closed archive, TAMS=top-at-mark-start (previous, next)
|   0|0x0000000080000000, 0x0000000080100000, 0x0000000080100000|100%|HS|  |TAMS 0x0000000080100000, 0x0000000080000000| Complete 
|   1|0x0000000080100000, 0x0000000080200000, 0x0000000080200000|100%|HC|  |TAMS 0x0000000080200000, 0x0000000080100000| Complete 
|   2|0x0000000080200000, 0x0000000080300000, 0x0000000080300000|100%|HC|  |TAMS 0x0000000080300000, 0x0000000080200000| Complete 
|   3|0x0000000080300000, 0x0000000080400000, 0x0000000080400000|100%|HC|  |TAMS 0x0000000080400000, 0x0000000080300000| Complete 
|   4|0x0000000080400000, 0x0000000080500000, 0x0000000080500000|100%| O|  |TAMS 0x0000000080500000, 0x0000000080400000| Untracked 
|   5|0x0000000080500000, 0x0000000080600000, 0x0000000080600000|100%| O|  |TAMS 0x0000000080600000, 0x0000000080500000| Updating 
|   6|0x0000000080600000, 0x0000000080700000, 0x0000000080700000|100%| O|  |TAMS 0x0000000080700000, 0x0000000080600000| Untracked 
|   7|0x0000000080700000, 0x0000000080800000, 0x0000000080800000|100%| O|  |TAMS 0x0000000080800000, 0x0000000080700000| Untracked 
|   8|0x0000000080800000, 0x0000000080900000, 0x0000000080900000|100%| O|  |TAMS 0x0000000080900000, 0x0000000080800000| Untracked 
|   9|0x0000000080900000, 0x0000000080a00000, 0x0000000080a00000|100%| O|  |TAMS 0x0000000080a00000, 0x0000000080900000| Updating 
|  10|0x0000000080a00000, 0x0000000080a80800, 0x0000000080b00000| 50%| O|  |TAMS 0x0000000080a80800, 0x0000000080a00000| Updating 
|  11|0x0000000080b00000, 0x0000000080c00000, 0x0000000080c00000|100%| O|  |TAMS 0x0000000080c00000, 0x0000000080b00000| Untracked 
|  12|0x0000000080c00000, 0x0000000080d00000, 0x0000000080d00000|100%| O|  |TAMS 0x0000000080d00000, 0x0000000080c00000| Untracked 
|  13|0x0000000080d00000, 0x0000000080e00000, 0x0000000080e00000|100%| O|  |TAMS 0x0000000080e00000, 0x0000000080d00000| Untracked 
|  14|0x0000000080e00000, 0x0000000080f00000, 0x0000000080f00000|100%| O|  |TAMS 0x0000000080f00000, 0x0000000080e00000| Updating 
|  15|0x0000000080f00000, 0x0000000081000000, 0x0000000081000000|100%| O|  |TAMS 0x0000000081000000, 0x0000000080f00000| Untracked 
|  16|0x0000000081000000, 0x0000000081100000, 0x0000000081100000|100%| O|  |TAMS 0x0000000081100000, 0x0000000081000000| Untracked 
|  17|0x0000000081100000, 0x0000000081200000, 0x0000000081200000|100%| O|  |TAMS 0x0000000081200000, 0x0000000081100000| Untracked 
|  18|0x0000000081200000, 0x0000000081300000, 0x0000000081300000|100%| O|  |TAMS 0x0000000081300000, 0x0000000081200000| Untracked 
|  19|0x0000000081300000, 0x0000000081400000, 0x0000000081400000|100%| O|  |TAMS 0x0000000081400000, 0x0000000081300000| Untracked 
|  20|0x0000000081400000, 0x0000000081500000, 0x0000000081500000|100%| O|  |TAMS 0x0000000081500000, 0x0000000081400000| Untracked 
|  21|0x0000000081500000, 0x0000000081600000, 0x0000000081600000|100%| O|  |TAMS 0x0000000081600000, 0x0000000081500000| Untracked 
|  22|0x0000000081600000, 0x0000000081700000, 0x0000000081700000|100%| O|  |TAMS 0x0000000081700000, 0x0000000081600000| Updating 
|  23|0x0000000081700000, 0x0000000081700000, 0x0000000081800000|  0%| F|  |TAMS 0x0000000081700000, 0x0000000081700000| Untracked 
|  24|0x0000000081800000, 0x0000000081900000, 0x0000000081900000|100%| O|  |TAMS 0x0000000081900000, 0x0000000081800000| Untracked 
|  25|0x0000000081900000, 0x0000000081a00000, 0x0000000081a00000|100%| O|  |TAMS 0x0000000081a00000, 0x0000000081900000| Updating 
|  26|0x0000000081a00000, 0x0000000081b00000, 0x0000000081b00000|100%| O|  |TAMS 0x0000000081b00000, 0x0000000081a00000| Updating 
|  27|0x0000000081b00000, 0x0000000081c00000, 0x0000000081c00000|100%| O|  |TAMS 0x0000000081c00000, 0x0000000081b00000| Updating 
|  28|0x0000000081c00000, 0x0000000081d00000, 0x0000000081d00000|100%| O|  |TAMS 0x0000000081d00000, 0x0000000081c00000| Updating 
|  29|0x0000000081d00000, 0x0000000081e00000, 0x0000000081e00000|100%| O|  |TAMS 0x0000000081e00000, 0x0000000081d00000| Untracked 
|  30|0x0000000081e00000, 0x0000000081f00000, 0x0000000081f00000|100%| O|  |TAMS 0x0000000081f00000, 0x0000000081e00000| Untracked 
|  31|0x0000000081f00000, 0x0000000082000000, 0x0000000082000000|100%| O|  |TAMS 0x0000000082000000, 0x0000000081f00000| Untracked 
|  32|0x0000000082000000, 0x0000000082100000, 0x0000000082100000|100%| O|  |TAMS 0x0000000082100000, 0x0000000082000000| Untracked 
|  33|0x0000000082100000, 0x0000000082200000, 0x0000000082200000|100%| O|  |TAMS 0x0000000082200000, 0x0000000082100000| Untracked 
|  34|0x0000000082200000, 0x0000000082300000, 0x0000000082300000|100%| O|  |TAMS 0x0000000082300000, 0x0000000082200000| Untracked 
|  35|0x0000000082300000, 0x0000000082400000, 0x0000000082400000|100%| O|  |TAMS 0x0000000082400000, 0x0000000082300000| Untracked 
|  36|0x0000000082400000, 0x0000000082500000, 0x0000000082500000|100%| O|  |TAMS 0x0000000082500000, 0x0000000082400000| Untracked 
|  37|0x0000000082500000, 0x0000000082600000, 0x0000000082600000|100%| O|  |TAMS 0x0000000082600000, 0x0000000082500000| Untracked 
|  38|0x0000000082600000, 0x0000000082700000, 0x0000000082700000|100%| O|  |TAMS 0x0000000082700000, 0x0000000082600000| Untracked 
|  39|0x0000000082700000, 0x0000000082800000, 0x0000000082800000|100%| O|  |TAMS 0x0000000082800000, 0x0000000082700000| Updating 
|  40|0x0000000082800000, 0x0000000082900000, 0x0000000082900000|100%|HS|  |TAMS 0x0000000082900000, 0x0000000082800000| Complete 
|  41|0x0000000082900000, 0x0000000082a00000, 0x0000000082a00000|100%|HS|  |TAMS 0x0000000082a00000, 0x0000000082900000| Complete 
|  42|0x0000000082a00000, 0x0000000082b00000, 0x0000000082b00000|100%|HS|  |TAMS 0x0000000082b00000, 0x0000000082a00000| Complete 
|  43|0x0000000082b00000, 0x0000000082c00000, 0x0000000082c00000|100%|HC|  |TAMS 0x0000000082c00000, 0x0000000082b00000| Complete 
|  44|0x0000000082c00000, 0x0000000082d00000, 0x0000000082d00000|100%|HS|  |TAMS 0x0000000082d00000, 0x0000000082c00000| Complete 
|  45|0x0000000082d00000, 0x0000000082e00000, 0x0000000082e00000|100%|HC|  |TAMS 0x0000000082e00000, 0x0000000082d00000| Complete 
|  46|0x0000000082e00000, 0x0000000082f00000, 0x0000000082f00000|100%|HS|  |TAMS 0x0000000082f00000, 0x0000000082e00000| Complete 
|  47|0x0000000082f00000, 0x0000000083000000, 0x0000000083000000|100%|HS|  |TAMS 0x0000000083000000, 0x0000000082f00000| Complete 
|  48|0x0000000083000000, 0x0000000083100000, 0x0000000083100000|100%|HC|  |TAMS 0x0000000083100000, 0x0000000083000000| Complete 
|  49|0x0000000083100000, 0x0000000083200000, 0x0000000083200000|100%|HC|  |TAMS 0x0000000083200000, 0x0000000083100000| Complete 
|  50|0x0000000083200000, 0x0000000083300000, 0x0000000083300000|100%|HC|  |TAMS 0x0000000083300000, 0x0000000083200000| Complete 
|  51|0x0000000083300000, 0x0000000083400000, 0x0000000083400000|100%| O|  |TAMS 0x0000000083400000, 0x0000000083300000| Updating 
|  52|0x0000000083400000, 0x0000000083500000, 0x0000000083500000|100%|HS|  |TAMS 0x0000000083500000, 0x0000000083400000| Complete 
|  53|0x0000000083500000, 0x0000000083600000, 0x0000000083600000|100%|HS|  |TAMS 0x0000000083600000, 0x0000000083500000| Complete 
|  54|0x0000000083600000, 0x0000000083700000, 0x0000000083700000|100%| O|  |TAMS 0x0000000083700000, 0x0000000083600000| Untracked 
|  55|0x0000000083700000, 0x0000000083700000, 0x0000000083800000|  0%| F|  |TAMS 0x0000000083700000, 0x0000000083700000| Untracked 
|  56|0x0000000083800000, 0x0000000083800000, 0x0000000083900000|  0%| F|  |TAMS 0x0000000083800000, 0x0000000083800000| Untracked 
|  57|0x0000000083900000, 0x0000000083900000, 0x0000000083a00000|  0%| F|  |TAMS 0x0000000083900000, 0x0000000083900000| Untracked 
|  58|0x0000000083a00000, 0x0000000083b00000, 0x0000000083b00000|100%| O|  |TAMS 0x0000000083b00000, 0x0000000083a00000| Untracked 
|  59|0x0000000083b00000, 0x0000000083c00000, 0x0000000083c00000|100%| O|  |TAMS 0x0000000083c00000, 0x0000000083b00000| Untracked 
|  60|0x0000000083c00000, 0x0000000083c53400, 0x0000000083d00000| 32%| O|  |TAMS 0x0000000083c53400, 0x0000000083c00000| Updating 
|  61|0x0000000083d00000, 0x0000000083d00000, 0x0000000083e00000|  0%| F|  |TAMS 0x0000000083d00000, 0x0000000083d00000| Untracked 
|  62|0x0000000083e00000, 0x0000000083e00000, 0x0000000083f00000|  0%| F|  |TAMS 0x0000000083e00000, 0x0000000083e00000| Untracked 
|  63|0x0000000083f00000, 0x0000000083f00000, 0x0000000084000000|  0%| F|  |TAMS 0x0000000083f00000, 0x0000000083f00000| Untracked 
|  64|0x0000000084000000, 0x0000000084000000, 0x0000000084100000|  0%| F|  |TAMS 0x0000000084000000, 0x0000000084000000| Untracked 
|  65|0x0000000084100000, 0x0000000084100000, 0x0000000084200000|  0%| F|  |TAMS 0x0000000084100000, 0x0000000084100000| Untracked 
|  66|0x0000000084200000, 0x0000000084200000, 0x0000000084300000|  0%| F|  |TAMS 0x0000000084200000, 0x0000000084200000| Untracked 
|  67|0x0000000084300000, 0x0000000084300000, 0x0000000084400000|  0%| F|  |TAMS 0x0000000084300000, 0x0000000084300000| Untracked 
|  68|0x0000000084400000, 0x0000000084400000, 0x0000000084500000|  0%| F|  |TAMS 0x0000000084400000, 0x0000000084400000| Untracked 
|  69|0x0000000084500000, 0x000000008455aec0, 0x0000000084600000| 35%| S|CS|TAMS 0x0000000084500000, 0x0000000084500000| Complete 
|  70|0x0000000084600000, 0x0000000084600000, 0x0000000084700000|  0%| F|  |TAMS 0x0000000084600000, 0x0000000084600000| Untracked 
|  71|0x0000000084700000, 0x0000000084700000, 0x0000000084800000|  0%| F|  |TAMS 0x0000000084700000, 0x0000000084700000| Untracked 
|  72|0x0000000084800000, 0x0000000084800000, 0x0000000084900000|  0%| F|  |TAMS 0x0000000084800000, 0x0000000084800000| Untracked 
|  73|0x0000000084900000, 0x0000000084900000, 0x0000000084a00000|  0%| F|  |TAMS 0x0000000084900000, 0x0000000084900000| Untracked 
|  74|0x0000000084a00000, 0x0000000084a00000, 0x0000000084b00000|  0%| F|  |TAMS 0x0000000084a00000, 0x0000000084a00000| Untracked 
|  75|0x0000000084b00000, 0x0000000084b00000, 0x0000000084c00000|  0%| F|  |TAMS 0x0000000084b00000, 0x0000000084b00000| Untracked 
|  76|0x0000000084c00000, 0x0000000084c00000, 0x0000000084d00000|  0%| F|  |TAMS 0x0000000084c00000, 0x0000000084c00000| Untracked 
|  77|0x0000000084d00000, 0x0000000084d00000, 0x0000000084e00000|  0%| F|  |TAMS 0x0000000084d00000, 0x0000000084d00000| Untracked 
|  78|0x0000000084e00000, 0x0000000084e00000, 0x0000000084f00000|  0%| F|  |TAMS 0x0000000084e00000, 0x0000000084e00000| Untracked 
|  79|0x0000000084f00000, 0x0000000084f60bd8, 0x0000000085000000| 37%| E|  |TAMS 0x0000000084f00000, 0x0000000084f00000| Complete 
| 123|0x0000000087b00000, 0x0000000087c00000, 0x0000000087c00000|100%| E|CS|TAMS 0x0000000087b00000, 0x0000000087b00000| Complete 
|2044|0x00000000ffc00000, 0x00000000ffd00000, 0x00000000ffd00000|100%| O|  |TAMS 0x00000000ffd00000, 0x00000000ffc00000| Updating 
|2045|0x00000000ffd00000, 0x00000000ffe00000, 0x00000000ffe00000|100%| O|  |TAMS 0x00000000ffe00000, 0x00000000ffd00000| Updating 
|2046|0x00000000ffe00000, 0x00000000fff00000, 0x00000000fff00000|100%| O|  |TAMS 0x00000000fff00000, 0x00000000ffe00000| Updating 
|2047|0x00000000fff00000, 0x0000000100000000, 0x0000000100000000|100%| O|  |TAMS 0x0000000100000000, 0x00000000fff00000| Untracked 

Card table byte_map: [0x000001d2949f0000,0x000001d294df0000] _byte_map_base: 0x000001d2945f0000

Marking Bits (Prev, Next): (CMBitMap*) 0x000001d2ff9321a0, (CMBitMap*) 0x000001d2ff9321e0
 Prev Bits: [0x000001d2951f0000, 0x000001d2971f0000)
 Next Bits: [0x000001d2971f0000, 0x000001d2991f0000)

Polling page: 0x000001d2ff960000

Metaspace:

Usage:
  Non-class:     48.14 MB used.
      Class:      7.47 MB used.
       Both:     55.61 MB used.

Virtual space:
  Non-class space:       64.00 MB reserved,      48.44 MB ( 76%) committed,  1 nodes.
      Class space:        1.00 GB reserved,       7.69 MB ( <1%) committed,  1 nodes.
             Both:        1.06 GB reserved,      56.12 MB (  5%) committed. 

Chunk freelists:
   Non-Class:  14.73 MB
       Class:  8.28 MB
        Both:  23.02 MB

MaxMetaspaceSize: unlimited
CompressedClassSpaceSize: 1.00 GB
Initial GC threshold: 21.00 MB
Current GC threshold: 90.00 MB
CDS: off
MetaspaceReclaimPolicy: balanced
 - commit_granule_bytes: 65536.
 - commit_granule_words: 8192.
 - virtual_space_node_default_size: 8388608.
 - enlarge_chunks_in_place: 1.
 - new_chunks_are_fully_committed: 0.
 - uncommit_free_chunks: 1.
 - use_allocation_guard: 0.
 - handle_deallocations: 1.


Internal statistics:

num_allocs_failed_limit: 6.
num_arena_births: 624.
num_arena_deaths: 0.
num_vsnodes_births: 2.
num_vsnodes_deaths: 0.
num_space_committed: 898.
num_space_uncommitted: 0.
num_chunks_returned_to_freelist: 6.
num_chunks_taken_from_freelist: 2476.
num_chunk_merges: 6.
num_chunk_splits: 1660.
num_chunks_enlarged: 1144.
num_inconsistent_stats: 0.

CodeHeap 'non-profiled nmethods': size=119168Kb used=2730Kb max_used=3402Kb free=116437Kb
 bounds [0x000001d28c3c0000, 0x000001d28c730000, 0x000001d293820000]
CodeHeap 'profiled nmethods': size=119104Kb used=11125Kb max_used=12146Kb free=107979Kb
 bounds [0x000001d284820000, 0x000001d285400000, 0x000001d28bc70000]
CodeHeap 'non-nmethods': size=7488Kb used=4013Kb max_used=4085Kb free=3474Kb
 bounds [0x000001d28bc70000, 0x000001d28c080000, 0x000001d28c3c0000]
 total_blobs=6612 nmethods=5776 adapters=744
 compilation: enabled
              stopped_count=0, restarted_count=0
 full_count=0

Compilation events (20 events):
Event: 6.974 Thread 0x000001d2a1a2c570 nmethod 6585 0x000001d2848d1d10 code [0x000001d2848d1ec0, 0x000001d2848d20f8]
Event: 6.977 Thread 0x000001d2a1a2c570 6586       3       org.gradle.model.internal.asm.MethodVisitorScope::_INVOKESPECIAL (11 bytes)
Event: 6.977 Thread 0x000001d2a1c50de0 6587       3       org.gradle.model.internal.asm.MethodVisitorScope::_INVOKESPECIAL (9 bytes)
Event: 6.977 Thread 0x000001d2a1c50de0 nmethod 6587 0x000001d284c67c10 code [0x000001d284c67da0, 0x000001d284c67f68]
Event: 6.978 Thread 0x000001d2a1a2c570 nmethod 6586 0x000001d284c67690 code [0x000001d284c67840, 0x000001d284c67ad8]
Event: 6.991 Thread 0x000001d2a1c50de0 6589       3       org.gradle.internal.service.DefaultServiceRegistry::find (28 bytes)
Event: 6.991 Thread 0x000001d29c39d410 6590       3       org.gradle.internal.service.DefaultServiceRegistry::getService (13 bytes)
Event: 6.992 Thread 0x000001d29c39d410 nmethod 6590 0x000001d284ee6a90 code [0x000001d284ee6c40, 0x000001d284ee6db8]
Event: 6.992 Thread 0x000001d2a1c50de0 nmethod 6589 0x000001d284ee6190 code [0x000001d284ee6380, 0x000001d284ee66e8]
Event: 6.998 Thread 0x000001d2a1c50de0 6591       1       sun.reflect.generics.tree.ClassSignature::getFormalTypeParameters (5 bytes)
Event: 6.999 Thread 0x000001d2a1c50de0 nmethod 6591 0x000001d28c58ca90 code [0x000001d28c58cc20, 0x000001d28c58ccf8]
Event: 7.000 Thread 0x000001d2a1c50de0 6592       3       org.gradle.model.internal.asm.MethodVisitorScope::_DUP (7 bytes)
Event: 7.000 Thread 0x000001d2a1c50de0 nmethod 6592 0x000001d28516db90 code [0x000001d28516dd40, 0x000001d28516dfa8]
Event: 7.002 Thread 0x000001d2a1a2c570 6593       3       sun.reflect.generics.repository.GenericDeclRepository::computeTypeParameters (65 bytes)
Event: 7.003 Thread 0x000001d2a1a2c570 nmethod 6593 0x000001d285171510 code [0x000001d285171760, 0x000001d2851724d8]
Event: 7.005 Thread 0x000001d2a1a2c570 6594       3       jdk.internal.loader.AbstractClassLoaderValue::<init> (5 bytes)
Event: 7.005 Thread 0x000001d2a1a2c570 nmethod 6594 0x000001d2848d1990 code [0x000001d2848d1b20, 0x000001d2848d1c78]
Event: 7.008 Thread 0x000001d2a1c50de0 6595       3       java.lang.Class::getEnclosingClass (70 bytes)
Event: 7.008 Thread 0x000001d2a1c50de0 nmethod 6595 0x000001d28516cf90 code [0x000001d28516d1c0, 0x000001d28516d8d8]
Event: 7.014 Thread 0x000001d2a1a2c570 6597       3       java.lang.reflect.AccessibleObject::checkAccess (40 bytes)

GC Heap History (20 events):
Event: 3.801 GC heap before
{Heap before GC invocations=9 (full 0):
 garbage-first heap   total 68608K, used 51176K [0x0000000080000000, 0x0000000100000000)
  region size 1024K, 30 young (30720K), 3 survivors (3072K)
 Metaspace       used 41321K, committed 41664K, reserved 1114112K
  class space    used 5475K, committed 5632K, reserved 1048576K
}
Event: 3.807 GC heap after
{Heap after GC invocations=10 (full 0):
 garbage-first heap   total 68608K, used 27867K [0x0000000080000000, 0x0000000100000000)
  region size 1024K, 4 young (4096K), 4 survivors (4096K)
 Metaspace       used 41321K, committed 41664K, reserved 1114112K
  class space    used 5475K, committed 5632K, reserved 1048576K
}
Event: 4.035 GC heap before
{Heap before GC invocations=10 (full 0):
 garbage-first heap   total 68608K, used 56539K [0x0000000080000000, 0x0000000100000000)
  region size 1024K, 28 young (28672K), 4 survivors (4096K)
 Metaspace       used 43231K, committed 43584K, reserved 1114112K
  class space    used 5641K, committed 5760K, reserved 1048576K
}
Event: 4.039 GC heap after
{Heap after GC invocations=11 (full 0):
 garbage-first heap   total 82944K, used 30955K [0x0000000080000000, 0x0000000100000000)
  region size 1024K, 3 young (3072K), 3 survivors (3072K)
 Metaspace       used 43231K, committed 43584K, reserved 1114112K
  class space    used 5641K, committed 5760K, reserved 1048576K
}
Event: 4.443 GC heap before
{Heap before GC invocations=11 (full 0):
 garbage-first heap   total 82944K, used 63723K [0x0000000080000000, 0x0000000100000000)
  region size 1024K, 34 young (34816K), 3 survivors (3072K)
 Metaspace       used 46228K, committed 46720K, reserved 1114112K
  class space    used 6038K, committed 6272K, reserved 1048576K
}
Event: 4.445 GC heap after
{Heap after GC invocations=12 (full 0):
 garbage-first heap   total 82944K, used 33454K [0x0000000080000000, 0x0000000100000000)
  region size 1024K, 3 young (3072K), 3 survivors (3072K)
 Metaspace       used 46228K, committed 46720K, reserved 1114112K
  class space    used 6038K, committed 6272K, reserved 1048576K
}
Event: 4.906 GC heap before
{Heap before GC invocations=12 (full 0):
 garbage-first heap   total 82944K, used 63150K [0x0000000080000000, 0x0000000100000000)
  region size 1024K, 32 young (32768K), 3 survivors (3072K)
 Metaspace       used 49835K, committed 50240K, reserved 1114112K
  class space    used 6649K, committed 6848K, reserved 1048576K
}
Event: 4.908 GC heap after
{Heap after GC invocations=13 (full 0):
 garbage-first heap   total 82944K, used 34961K [0x0000000080000000, 0x0000000100000000)
  region size 1024K, 2 young (2048K), 2 survivors (2048K)
 Metaspace       used 49835K, committed 50240K, reserved 1114112K
  class space    used 6649K, committed 6848K, reserved 1048576K
}
Event: 5.345 GC heap before
{Heap before GC invocations=13 (full 0):
 garbage-first heap   total 82944K, used 63633K [0x0000000080000000, 0x0000000100000000)
  region size 1024K, 30 young (30720K), 2 survivors (2048K)
 Metaspace       used 53269K, committed 53824K, reserved 1114112K
  class space    used 7188K, committed 7424K, reserved 1048576K
}
Event: 5.347 GC heap after
{Heap after GC invocations=14 (full 0):
 garbage-first heap   total 82944K, used 35973K [0x0000000080000000, 0x0000000100000000)
  region size 1024K, 3 young (3072K), 3 survivors (3072K)
 Metaspace       used 53269K, committed 53824K, reserved 1114112K
  class space    used 7188K, committed 7424K, reserved 1048576K
}
Event: 6.181 GC heap before
{Heap before GC invocations=14 (full 0):
 garbage-first heap   total 82944K, used 63621K [0x0000000080000000, 0x0000000100000000)
  region size 1024K, 31 young (31744K), 3 survivors (3072K)
 Metaspace       used 54672K, committed 55168K, reserved 1114112K
  class space    used 7336K, committed 7552K, reserved 1048576K
}
Event: 6.185 GC heap after
{Heap after GC invocations=15 (full 0):
 garbage-first heap   total 82944K, used 39817K [0x0000000080000000, 0x0000000100000000)
  region size 1024K, 4 young (4096K), 4 survivors (4096K)
 Metaspace       used 54672K, committed 55168K, reserved 1114112K
  class space    used 7336K, committed 7552K, reserved 1048576K
}
Event: 6.267 GC heap before
{Heap before GC invocations=15 (full 0):
 garbage-first heap   total 82944K, used 44937K [0x0000000080000000, 0x0000000100000000)
  region size 1024K, 10 young (10240K), 4 survivors (4096K)
 Metaspace       used 54807K, committed 55296K, reserved 1114112K
  class space    used 7345K, committed 7552K, reserved 1048576K
}
Event: 6.270 GC heap after
{Heap after GC invocations=16 (full 0):
 garbage-first heap   total 82944K, used 40784K [0x0000000080000000, 0x0000000100000000)
  region size 1024K, 1 young (1024K), 1 survivors (1024K)
 Metaspace       used 54807K, committed 55296K, reserved 1114112K
  class space    used 7345K, committed 7552K, reserved 1048576K
}
Event: 6.846 GC heap before
{Heap before GC invocations=17 (full 0):
 garbage-first heap   total 82944K, used 75600K [0x0000000080000000, 0x0000000100000000)
  region size 1024K, 23 young (23552K), 1 survivors (1024K)
 Metaspace       used 55829K, committed 56256K, reserved 1114112K
  class space    used 7471K, committed 7680K, reserved 1048576K
}
Event: 6.849 GC heap after
{Heap after GC invocations=18 (full 0):
 garbage-first heap   total 87040K, used 61913K [0x0000000080000000, 0x0000000100000000)
  region size 1024K, 3 young (3072K), 3 survivors (3072K)
 Metaspace       used 55829K, committed 56256K, reserved 1114112K
  class space    used 7471K, committed 7680K, reserved 1048576K
}
Event: 6.857 GC heap before
{Heap before GC invocations=18 (full 0):
 garbage-first heap   total 87040K, used 62937K [0x0000000080000000, 0x0000000100000000)
  region size 1024K, 4 young (4096K), 3 survivors (3072K)
 Metaspace       used 55899K, committed 56320K, reserved 1114112K
  class space    used 7484K, committed 7680K, reserved 1048576K
}
Event: 6.859 GC heap after
{Heap after GC invocations=19 (full 0):
 garbage-first heap   total 87040K, used 61362K [0x0000000080000000, 0x0000000100000000)
  region size 1024K, 1 young (1024K), 1 survivors (1024K)
 Metaspace       used 55899K, committed 56320K, reserved 1114112K
  class space    used 7484K, committed 7680K, reserved 1048576K
}
Event: 6.993 GC heap before
{Heap before GC invocations=19 (full 0):
 garbage-first heap   total 87040K, used 70578K [0x0000000080000000, 0x0000000100000000)
  region size 1024K, 11 young (11264K), 1 survivors (1024K)
 Metaspace       used 56806K, committed 57344K, reserved 1114112K
  class space    used 7626K, committed 7872K, reserved 1048576K
}
Event: 6.995 GC heap after
{Heap after GC invocations=20 (full 0):
 garbage-first heap   total 87040K, used 61626K [0x0000000080000000, 0x0000000100000000)
  region size 1024K, 1 young (1024K), 1 survivors (1024K)
 Metaspace       used 56806K, committed 57344K, reserved 1114112K
  class space    used 7626K, committed 7872K, reserved 1048576K
}

Dll operation events (3 events):
Event: 0.013 Loaded shared library C:\Program Files\Android\Android Studio\jbr\bin\java.dll
Event: 0.095 Loaded shared library C:\Program Files\Android\Android Studio\jbr\bin\zip.dll
Event: 0.311 Loaded shared library C:\Program Files\Android\Android Studio\jbr\bin\verify.dll

Deoptimization events (20 events):
Event: 6.281 Thread 0x000001d2a282a390 Uncommon trap: trap_request=0xffffff45 fr.pc=0x000001d28c5ff4d0 relative=0x00000000000029f0
Event: 6.281 Thread 0x000001d2a282a390 Uncommon trap: reason=unstable_if action=reinterpret pc=0x000001d28c5ff4d0 method=java.util.zip.ZipFile.getInputStream(Ljava/util/zip/ZipEntry;)Ljava/io/InputStream; @ 101 c2
Event: 6.281 Thread 0x000001d2a282a390 DEOPT PACKING pc=0x000001d28c5ff4d0 sp=0x000000ab10af8b70
Event: 6.281 Thread 0x000001d2a282a390 DEOPT UNPACKING pc=0x000001d28bcca1a3 sp=0x000000ab10af8b38 mode 2
Event: 6.369 Thread 0x000001d2a282a390 DEOPT PACKING pc=0x000001d284913e3d sp=0x000000ab10af69f0
Event: 6.369 Thread 0x000001d2a282a390 DEOPT UNPACKING pc=0x000001d28bccace3 sp=0x000000ab10af5e78 mode 0
Event: 6.491 Thread 0x000001d2a282a390 DEOPT PACKING pc=0x000001d284ab0669 sp=0x000000ab10af67a0
Event: 6.491 Thread 0x000001d2a282a390 DEOPT UNPACKING pc=0x000001d28bccace3 sp=0x000000ab10af5d20 mode 0
Event: 6.512 Thread 0x000001d2a282a390 DEOPT PACKING pc=0x000001d284ab0669 sp=0x000000ab10af67a0
Event: 6.512 Thread 0x000001d2a282a390 DEOPT UNPACKING pc=0x000001d28bccace3 sp=0x000000ab10af5d20 mode 0
Event: 6.575 Thread 0x000001d2a282a390 DEOPT PACKING pc=0x000001d284ab0669 sp=0x000000ab10af67a0
Event: 6.575 Thread 0x000001d2a282a390 DEOPT UNPACKING pc=0x000001d28bccace3 sp=0x000000ab10af5d20 mode 0
Event: 6.936 Thread 0x000001d2a282a390 Uncommon trap: trap_request=0xffffffde fr.pc=0x000001d28c6703c4 relative=0x0000000000005804
Event: 6.936 Thread 0x000001d2a282a390 Uncommon trap: reason=class_check action=maybe_recompile pc=0x000001d28c6703c4 method=java.lang.Class.createAnnotationData(I)Ljava/lang/Class$AnnotationData; @ 103 c2
Event: 6.936 Thread 0x000001d2a282a390 DEOPT PACKING pc=0x000001d28c6703c4 sp=0x000000ab10af6ac0
Event: 6.936 Thread 0x000001d2a282a390 DEOPT UNPACKING pc=0x000001d28bcca1a3 sp=0x000000ab10af6a80 mode 2
Event: 6.959 Thread 0x000001d2a282a390 Uncommon trap: trap_request=0xffffff45 fr.pc=0x000001d28c6078e8 relative=0x0000000000003788
Event: 6.959 Thread 0x000001d2a282a390 Uncommon trap: reason=unstable_if action=reinterpret pc=0x000001d28c6078e8 method=org.objectweb.asm.Frame.execute(IILorg/objectweb/asm/Symbol;Lorg/objectweb/asm/SymbolTable;)V @ 1 c2
Event: 6.959 Thread 0x000001d2a282a390 DEOPT PACKING pc=0x000001d28c6078e8 sp=0x000000ab10af6720
Event: 6.959 Thread 0x000001d2a282a390 DEOPT UNPACKING pc=0x000001d28bcca1a3 sp=0x000000ab10af66c8 mode 2

Classes unloaded (0 events):
No events

Classes redefined (0 events):
No events

Internal exceptions (20 events):
Event: 5.313 Thread 0x000001d2a282a390 Exception <a 'java/lang/NoSuchMethodError'{0x000000008361fd08}: 'java.lang.Object java.lang.invoke.DirectMethodHandle$Holder.invokeSpecial(java.lang.Object, java.lang.Object, java.lang.Object, java.lang.Object, java.lang.Object, java.lang.Object, int)'> (0x000000008361fd08) 
thrown [s\src\hotspot\share\interpreter\linkResolver.cpp, line 771]
Event: 5.326 Thread 0x000001d2a282a390 Exception <a 'java/lang/NoSuchMethodError'{0x00000000835054a8}: 'void java.lang.invoke.DirectMethodHandle$Holder.invokeStatic(java.lang.Object, java.lang.Object, java.lang.Object, int, java.lang.Object)'> (0x00000000835054a8) 
thrown [s\src\hotspot\share\interpreter\linkResolver.cpp, line 771]
Event: 5.442 Thread 0x000001d2a282a390 Exception <a 'java/lang/NoSuchMethodError'{0x0000000084e91e28}: 'java.lang.Object java.lang.invoke.DirectMethodHandle$Holder.newInvokeSpecial(java.lang.Object, java.lang.Object, int)'> (0x0000000084e91e28) 
thrown [s\src\hotspot\share\interpreter\linkResolver.cpp, line 771]
Event: 6.175 Thread 0x000001d2a282a390 Exception <a 'java/lang/NoSuchMethodError'{0x00000000835c8a48}: 'long java.lang.invoke.DirectMethodHandle$Holder.invokeVirtual(java.lang.Object, java.lang.Object)'> (0x00000000835c8a48) 
thrown [s\src\hotspot\share\interpreter\linkResolver.cpp, line 771]
Event: 6.186 Thread 0x000001d2a282b200 Exception <a 'java/lang/NoSuchMethodError'{0x0000000087b6e310}: static Lorg/gradle/internal/build/event/types/DefaultOperationFinishedProgressEvent;.<clinit>()V> (0x0000000087b6e310) 
thrown [s\src\hotspot\share\prims\jni.cpp, line 1108]
Event: 6.189 Thread 0x000001d2a282b200 Exception <a 'java/lang/NoSuchMethodError'{0x0000000087b98ba0}: static Lorg/gradle/internal/build/event/types/DefaultProjectConfigurationSuccessResult;.<clinit>()V> (0x0000000087b98ba0) 
thrown [s\src\hotspot\share\prims\jni.cpp, line 1108]
Event: 6.189 Thread 0x000001d2a282b200 Exception <a 'java/lang/NoSuchMethodError'{0x0000000087b9a138}: static Lorg/gradle/internal/build/event/types/AbstractProjectConfigurationResult;.<clinit>()V> (0x0000000087b9a138) 
thrown [s\src\hotspot\share\prims\jni.cpp, line 1108]
Event: 6.189 Thread 0x000001d2a282b200 Exception <a 'java/lang/NoSuchMethodError'{0x0000000087b9b880}: static Lorg/gradle/internal/build/event/types/AbstractOperationResult;.<clinit>()V> (0x0000000087b9b880) 
thrown [s\src\hotspot\share\prims\jni.cpp, line 1108]
Event: 6.189 Thread 0x000001d2a282b200 Exception <a 'java/lang/NoSuchMethodError'{0x0000000087b9ccf8}: static Lorg/gradle/internal/build/event/types/AbstractResult;.<clinit>()V> (0x0000000087b9ccf8) 
thrown [s\src\hotspot\share\prims\jni.cpp, line 1108]
Event: 6.191 Thread 0x000001d2a282b200 Exception <a 'java/lang/NoSuchMethodError'{0x0000000087bb63c0}: static Lorg/gradle/internal/build/event/types/DefaultPluginApplicationResult;.<clinit>()V> (0x0000000087bb63c0) 
thrown [s\src\hotspot\share\prims\jni.cpp, line 1108]
Event: 6.192 Thread 0x000001d2a282b200 Exception <a 'java/lang/NoSuchMethodError'{0x0000000087bc31e8}: static Lorg/gradle/internal/build/event/types/DefaultBinaryPluginIdentifier;.<clinit>()V> (0x0000000087bc31e8) 
thrown [s\src\hotspot\share\prims\jni.cpp, line 1108]
Event: 6.194 Thread 0x000001d2a282b200 Exception <a 'java/lang/NoSuchMethodError'{0x0000000087bdd0a8}: static Lorg/gradle/internal/build/event/types/DefaultScriptPluginIdentifier;.<clinit>()V> (0x0000000087bdd0a8) 
thrown [s\src\hotspot\share\prims\jni.cpp, line 1108]
Event: 6.261 Thread 0x000001d2a282a390 Implicit null exception at 0x000001d28c6c468f to 0x000001d28c6c4cb0
Event: 6.261 Thread 0x000001d2a282a390 Implicit null exception at 0x000001d28c6ac394 to 0x000001d28c6ac9cc
Event: 6.606 Thread 0x000001d2a282a390 Exception <a 'java/lang/ClassNotFoundException'{0x00000000846ccee0}: sun/misc/SharedSecrets> (0x00000000846ccee0) 
thrown [s\src\hotspot\share\classfile\systemDictionary.cpp, line 256]
Event: 6.606 Thread 0x000001d2a282a390 Exception <a 'java/lang/ClassNotFoundException'{0x00000000846ce4b8}: org/gradle/api/internal/plugins/DefaultObjectConfigurationActionBeanInfo> (0x00000000846ce4b8) 
thrown [s\src\hotspot\share\classfile\systemDictionary.cpp, line 256]
Event: 6.607 Thread 0x000001d2a282a390 Exception <a 'java/lang/ClassNotFoundException'{0x00000000846e2e00}: org/gradle/api/internal/plugins/DefaultObjectConfigurationActionCustomizer> (0x00000000846e2e00) 
thrown [s\src\hotspot\share\classfile\systemDictionary.cpp, line 256]
Event: 6.950 Thread 0x000001d2a282a390 Exception <a 'java/lang/NoSuchMethodError'{0x0000000084971e20}: 'java.lang.Object java.lang.invoke.DirectMethodHandle$Holder.newInvokeSpecial(java.lang.Object, java.lang.Object, java.lang.Object, java.lang.Object, int)'> (0x0000000084971e20) 
thrown [s\src\hotspot\share\interpreter\linkResolver.cpp, line 771]
Event: 6.950 Thread 0x000001d2a282a390 Exception <a 'java/lang/NoSuchMethodError'{0x0000000084977268}: 'java.lang.Object java.lang.invoke.DirectMethodHandle$Holder.invokeSpecial(java.lang.Object, java.lang.Object, java.lang.Object, java.lang.Object, java.lang.Object, int)'> (0x0000000084977268) 
thrown [s\src\hotspot\share\interpreter\linkResolver.cpp, line 771]
Event: 6.950 Thread 0x000001d2a282a390 Exception <a 'java/lang/NoSuchMethodError'{0x000000008497bfe8}: 'java.lang.Object java.lang.invoke.Invokers$Holder.linkToTargetMethod(java.lang.Object, java.lang.Object, java.lang.Object, int, java.lang.Object)'> (0x000000008497bfe8) 
thrown [s\src\hotspot\share\interpreter\linkResolver.cpp, line 771]

VM Operations (20 events):
Event: 6.101 Executing VM operation: HandshakeAllThreads done
Event: 6.179 Executing VM operation: HandshakeAllThreads
Event: 6.179 Executing VM operation: HandshakeAllThreads done
Event: 6.181 Executing VM operation: G1CollectForAllocation
Event: 6.185 Executing VM operation: G1CollectForAllocation done
Event: 6.267 Executing VM operation: G1TryInitiateConcMark
Event: 6.270 Executing VM operation: G1TryInitiateConcMark done
Event: 6.294 Executing VM operation: G1Concurrent
Event: 6.297 Executing VM operation: G1Concurrent done
Event: 6.310 Executing VM operation: G1Concurrent
Event: 6.310 Executing VM operation: G1Concurrent done
Event: 6.846 Executing VM operation: G1CollectForAllocation
Event: 6.849 Executing VM operation: G1CollectForAllocation done
Event: 6.857 Executing VM operation: G1CollectForAllocation
Event: 6.859 Executing VM operation: G1CollectForAllocation done
Event: 6.973 Executing VM operation: HandshakeAllThreads
Event: 6.973 Executing VM operation: HandshakeAllThreads done
Event: 6.993 Executing VM operation: G1CollectForAllocation
Event: 6.995 Executing VM operation: G1CollectForAllocation done
Event: 7.014 Executing VM operation: G1Concurrent

Events (20 events):
Event: 6.177 loading class java/util/stream/SortedOps done
Event: 6.177 loading class java/util/stream/SortedOps$OfRef
Event: 6.178 loading class java/util/stream/ReferencePipeline$StatefulOp
Event: 6.178 loading class java/util/stream/ReferencePipeline$StatefulOp done
Event: 6.178 loading class java/util/stream/SortedOps$OfRef done
Event: 6.179 loading class java/util/stream/SortedOps$RefSortingSink
Event: 6.179 loading class java/util/stream/SortedOps$AbstractRefSortingSink
Event: 6.179 loading class java/util/stream/SortedOps$AbstractRefSortingSink done
Event: 6.179 loading class java/util/stream/SortedOps$RefSortingSink done
Event: 6.193 loading class java/time/Ser
Event: 6.193 loading class java/time/Ser done
Event: 6.606 loading class sun/misc/SharedSecrets
Event: 6.606 loading class sun/misc/SharedSecrets done
Event: 6.609 loading class jdk/internal/reflect/UnsafeObjectFieldAccessorImpl
Event: 6.610 loading class jdk/internal/reflect/UnsafeObjectFieldAccessorImpl done
Event: 6.845 Thread 0x000001d2a4d5f030 Thread exited: 0x000001d2a4d5f030
Event: 6.971 loading class sun/reflect/ReflectionFactory
Event: 6.971 loading class sun/reflect/ReflectionFactory done
Event: 6.971 loading class sun/reflect/ReflectionFactory$1
Event: 6.971 loading class sun/reflect/ReflectionFactory$1 done


Dynamic libraries:
0x00007ff73a7a0000 - 0x00007ff73a7aa000 	C:\Program Files\Android\Android Studio\jbr\bin\java.exe
0x00007ffb243b0000 - 0x00007ffb245c6000 	C:\WINDOWS\SYSTEM32\ntdll.dll
0x00007ffb22510000 - 0x00007ffb225d4000 	C:\WINDOWS\System32\KERNEL32.DLL
0x00007ffb21770000 - 0x00007ffb21b16000 	C:\WINDOWS\System32\KERNELBASE.dll
0x0000000065f60000 - 0x0000000066290000 	C:\Program Files\Norton Security\NortonData\22.21.5.49\Definitions\IPSDefs\20221209.061\IPSEng64.dll
0x00007ffb22640000 - 0x00007ffb226f2000 	C:\WINDOWS\System32\ADVAPI32.dll
0x00007ffb222c0000 - 0x00007ffb22367000 	C:\WINDOWS\System32\msvcrt.dll
0x00007ffb23cf0000 - 0x00007ffb23d98000 	C:\WINDOWS\System32\sechost.dll
0x00007ffb220d0000 - 0x00007ffb220f8000 	C:\WINDOWS\System32\bcrypt.dll
0x00007ffb22c20000 - 0x00007ffb22d35000 	C:\WINDOWS\System32\RPCRT4.dll
0x00007ffb22b80000 - 0x00007ffb22b88000 	C:\WINDOWS\System32\PSAPI.DLL
0x00007ffb21fb0000 - 0x00007ffb220c1000 	C:\WINDOWS\System32\ucrtbase.dll
0x00007ffae05c0000 - 0x00007ffae05d7000 	C:\Program Files\Android\Android Studio\jbr\bin\jli.dll
0x00007ffb228d0000 - 0x00007ffb22a7d000 	C:\WINDOWS\System32\USER32.dll
0x00007ffb21b20000 - 0x00007ffb21b46000 	C:\WINDOWS\System32\win32u.dll
0x00007ffb07c70000 - 0x00007ffb07f03000 	C:\WINDOWS\WinSxS\amd64_microsoft.windows.common-controls_6595b64144ccf1df_6.0.22621.3235_none_270f74e173860f98\COMCTL32.dll
0x00007ffb23610000 - 0x00007ffb23639000 	C:\WINDOWS\System32\GDI32.dll
0x00007ffb21bc0000 - 0x00007ffb21cd8000 	C:\WINDOWS\System32\gdi32full.dll
0x00007ffb21f10000 - 0x00007ffb21faa000 	C:\WINDOWS\System32\msvcp_win.dll
0x00007ffb0d540000 - 0x00007ffb0d55b000 	C:\Program Files\Android\Android Studio\jbr\bin\VCRUNTIME140.dll
0x00007ffb227b0000 - 0x00007ffb227e1000 	C:\WINDOWS\System32\IMM32.DLL
0x00007ffb1c900000 - 0x00007ffb1c90c000 	C:\Program Files\Android\Android Studio\jbr\bin\vcruntime140_1.dll
0x00007ffab14b0000 - 0x00007ffab153d000 	C:\Program Files\Android\Android Studio\jbr\bin\msvcp140.dll
0x00007ffabd580000 - 0x00007ffabe200000 	C:\Program Files\Android\Android Studio\jbr\bin\server\jvm.dll
0x00007ffaf4a70000 - 0x00007ffaf4a79000 	C:\WINDOWS\SYSTEM32\WSOCK32.dll
0x00007ffb10100000 - 0x00007ffb10134000 	C:\WINDOWS\SYSTEM32\WINMM.dll
0x00007ffb18b80000 - 0x00007ffb18b8a000 	C:\WINDOWS\SYSTEM32\VERSION.dll
0x00007ffb23e70000 - 0x00007ffb23ee1000 	C:\WINDOWS\System32\WS2_32.dll
0x00007ffb206f0000 - 0x00007ffb20708000 	C:\WINDOWS\SYSTEM32\kernel.appcore.dll
0x00007ffb0ab00000 - 0x00007ffb0ab0a000 	C:\Program Files\Android\Android Studio\jbr\bin\jimage.dll
0x00007ffb1f010000 - 0x00007ffb1f243000 	C:\WINDOWS\SYSTEM32\DBGHELP.DLL
0x00007ffb23680000 - 0x00007ffb23a08000 	C:\WINDOWS\System32\combase.dll
0x00007ffb227f0000 - 0x00007ffb228c7000 	C:\WINDOWS\System32\OLEAUT32.dll
0x00007ffb056f0000 - 0x00007ffb05722000 	C:\WINDOWS\SYSTEM32\dbgcore.DLL
0x00007ffb216f0000 - 0x00007ffb2176a000 	C:\WINDOWS\System32\bcryptPrimitives.dll
0x00007ffaf0620000 - 0x00007ffaf062e000 	C:\Program Files\Android\Android Studio\jbr\bin\instrument.dll
0x00007ffae3260000 - 0x00007ffae3285000 	C:\Program Files\Android\Android Studio\jbr\bin\java.dll
0x00007ffae61e0000 - 0x00007ffae61f8000 	C:\Program Files\Android\Android Studio\jbr\bin\zip.dll
0x00007ffb22d40000 - 0x00007ffb2359d000 	C:\WINDOWS\System32\SHELL32.dll
0x00007ffb1f600000 - 0x00007ffb1fef8000 	C:\WINDOWS\SYSTEM32\windows.storage.dll
0x00007ffb1f4c0000 - 0x00007ffb1f5fe000 	C:\WINDOWS\SYSTEM32\wintypes.dll
0x00007ffb22a80000 - 0x00007ffb22b73000 	C:\WINDOWS\System32\SHCORE.dll
0x00007ffb225e0000 - 0x00007ffb2263e000 	C:\WINDOWS\System32\shlwapi.dll
0x00007ffb21620000 - 0x00007ffb21646000 	C:\WINDOWS\SYSTEM32\profapi.dll
0x00007ffae50a0000 - 0x00007ffae50b9000 	C:\Program Files\Android\Android Studio\jbr\bin\net.dll
0x00007ffb1b4a0000 - 0x00007ffb1b5d7000 	C:\WINDOWS\SYSTEM32\WINHTTP.dll
0x00007ffb20c10000 - 0x00007ffb20c79000 	C:\WINDOWS\system32\mswsock.dll
0x00007ffae2840000 - 0x00007ffae2856000 	C:\Program Files\Android\Android Studio\jbr\bin\nio.dll
0x00007ffb067e0000 - 0x00007ffb067f0000 	C:\Program Files\Android\Android Studio\jbr\bin\verify.dll
0x00007ffac1390000 - 0x00007ffac13b7000 	C:\Users\haidu\.gradle\native\68d5fa5c4cc2d200863cafc0d521ce42e7d3e7ee720ec0a83991735586a16f82\windows-amd64\native-platform.dll
0x00007ffaae0b0000 - 0x00007ffaae1f4000 	C:\Users\haidu\.gradle\native\e376f236ea51e6404a007f0833ffe2c6e607c4080706a723a18a27aeea778392\windows-amd64\native-platform-file-events.dll
0x00007ffb05380000 - 0x00007ffb05389000 	C:\Program Files\Android\Android Studio\jbr\bin\management.dll
0x00007ffb05190000 - 0x00007ffb0519b000 	C:\Program Files\Android\Android Studio\jbr\bin\management_ext.dll
0x00007ffb20ef0000 - 0x00007ffb20f0b000 	C:\WINDOWS\SYSTEM32\CRYPTSP.dll
0x00007ffb20650000 - 0x00007ffb20685000 	C:\WINDOWS\system32\rsaenh.dll
0x00007ffb20d70000 - 0x00007ffb20d9c000 	C:\WINDOWS\SYSTEM32\USERENV.dll
0x00007ffb20f10000 - 0x00007ffb20f1c000 	C:\WINDOWS\SYSTEM32\CRYPTBASE.dll
0x00007ffb20160000 - 0x00007ffb2018d000 	C:\WINDOWS\SYSTEM32\IPHLPAPI.DLL
0x00007ffb23600000 - 0x00007ffb23609000 	C:\WINDOWS\System32\NSI.dll
0x00007ffb1b3e0000 - 0x00007ffb1b3f9000 	C:\WINDOWS\SYSTEM32\dhcpcsvc6.DLL
0x00007ffb1b3c0000 - 0x00007ffb1b3df000 	C:\WINDOWS\SYSTEM32\dhcpcsvc.DLL
0x00007ffb201d0000 - 0x00007ffb202c9000 	C:\WINDOWS\SYSTEM32\DNSAPI.dll
0x00007ffb09ec0000 - 0x00007ffb09ec8000 	C:\WINDOWS\system32\wshunix.dll

dbghelp: loaded successfully - version: 4.0.5 - missing functions: none
symbol engine: initialized successfully - sym options: 0x614 - pdb path: .;C:\Program Files\Android\Android Studio\jbr\bin;C:\WINDOWS\SYSTEM32;C:\Program Files\Norton Security\NortonData\22.21.5.49\Definitions\IPSDefs\20221209.061;C:\WINDOWS\WinSxS\amd64_microsoft.windows.common-controls_6595b64144ccf1df_6.0.22621.3235_none_270f74e173860f98;C:\Program Files\Android\Android Studio\jbr\bin\server;C:\Users\haidu\.gradle\native\68d5fa5c4cc2d200863cafc0d521ce42e7d3e7ee720ec0a83991735586a16f82\windows-amd64;C:\Users\haidu\.gradle\native\e376f236ea51e6404a007f0833ffe2c6e607c4080706a723a18a27aeea778392\windows-amd64

VM Arguments:
jvm_args: --add-opens=java.base/java.util=ALL-UNNAMED --add-opens=java.base/java.lang=ALL-UNNAMED --add-opens=java.base/java.lang.invoke=ALL-UNNAMED --add-opens=java.prefs/java.util.prefs=ALL-UNNAMED --add-opens=java.base/java.nio.charset=ALL-UNNAMED --add-opens=java.base/java.net=ALL-UNNAMED --add-opens=java.base/java.util.concurrent.atomic=ALL-UNNAMED -Xmx2048m -Dfile.encoding=UTF-8 -Duser.country=US -Duser.language=en -Duser.variant -javaagent:C:\Users\haidu\.gradle\wrapper\dists\gradle-8.2-bin\bbg7u40eoinfdyxsxr3z4i7ta\gradle-8.2\lib\agents\gradle-instrumentation-agent-8.2.jar 
java_command: org.gradle.launcher.daemon.bootstrap.GradleDaemon 8.2
java_class_path (initial): C:\Users\haidu\.gradle\wrapper\dists\gradle-8.2-bin\bbg7u40eoinfdyxsxr3z4i7ta\gradle-8.2\lib\gradle-launcher-8.2.jar
Launcher Type: SUN_STANDARD

[Global flags]
     intx CICompilerCount                          = 12                                        {product} {ergonomic}
     uint ConcGCThreads                            = 3                                         {product} {ergonomic}
     uint G1ConcRefinementThreads                  = 13                                        {product} {ergonomic}
   size_t G1HeapRegionSize                         = 1048576                                   {product} {ergonomic}
    uintx GCDrainStackTargetSize                   = 64                                        {product} {ergonomic}
   size_t InitialHeapSize                          = 130023424                                 {product} {ergonomic}
   size_t MarkStackSize                            = 4194304                                   {product} {ergonomic}
   size_t MaxHeapSize                              = 2147483648                                {product} {command line}
   size_t MaxNewSize                               = 1287651328                                {product} {ergonomic}
   size_t MinHeapDeltaBytes                        = 1048576                                   {product} {ergonomic}
   size_t MinHeapSize                              = 8388608                                   {product} {ergonomic}
    uintx NonNMethodCodeHeapSize                   = 7602480                                {pd product} {ergonomic}
    uintx NonProfiledCodeHeapSize                  = 122027880                              {pd product} {ergonomic}
    uintx ProfiledCodeHeapSize                     = 122027880                              {pd product} {ergonomic}
    uintx ReservedCodeCacheSize                    = 251658240                              {pd product} {ergonomic}
     bool SegmentedCodeCache                       = true                                      {product} {ergonomic}
   size_t SoftMaxHeapSize                          = 2147483648                             {manageable} {ergonomic}
     bool UseCompressedClassPointers               = true                           {product lp64_product} {ergonomic}
     bool UseCompressedOops                        = true                           {product lp64_product} {ergonomic}
     bool UseG1GC                                  = true                                      {product} {ergonomic}
     bool UseLargePagesIndividualAllocation        = false                                  {pd product} {ergonomic}

Logging:
Log output configuration:
 #0: stdout all=warning uptime,level,tags
 #1: stderr all=off uptime,level,tags

Environment Variables:
PATH=C:\Program Files (x86)\VMware\VMware Workstation\bin\;C:\Program Files\Common Files\Oracle\Java\javapath;C:\Windows\system32;C:\Windows;C:\Windows\System32\Wbem;C:\Windows\System32\WindowsPowerShell\v1.0\;C:\Windows\System32\OpenSSH\;C:\Program Files (x86)\NVIDIA Corporation\PhysX\Common;C:\Program Files\NVIDIA Corporation\NVIDIA NvDLISR;C:\Program Files\dotnet\;C:\WINDOWS\system32;C:\WINDOWS;C:\WINDOWS\System32\Wbem;C:\WINDOWS\System32\WindowsPowerShell\v1.0\;C:\WINDOWS\System32\OpenSSH\;C:\Program Files\Microsoft SQL Server\Client SDK\ODBC\170\Tools\Binn\;C:\Program Files (x86)\Microsoft SQL Server\150\Tools\Binn\;C:\Program Files\Microsoft SQL Server\150\Tools\Binn\;C:\Program Files\Microsoft SQL Server\150\DTS\Binn\;C:\Program Files (x86)\Microsoft SQL Server\150\DTS\Binn\;C:\Program Files\Azure Data Studio\bin;C:\Program Files\nodejs\;C:\Program Files\Git\cmd;C:\Users\haidu\Downloads\apache-maven-3.9.5-src;C:\Program Files (x86)\Microsoft SQL Server\160\DTS\Binn\;C:\Program Files\Docker\Docker\resources\bin;C:\Program Files\MySQL\MySQL Shell 8.0\bin\;C:\Users\haidu\AppData\Local\Microsoft\WindowsApps;C:\Users\haidu\AppData\Local\Programs\Microsoft VS Code\bin;C:\Users\haidu\.dotnet\tools;;C:\Program Files\Azure Data Studio\bin;C:\Users\haidu\AppData\Roaming\npm
USERNAME=haidu
OS=Windows_NT
PROCESSOR_IDENTIFIER=Intel64 Family 6 Model 141 Stepping 1, GenuineIntel
TMP=C:\Users\haidu\AppData\Local\Temp
TEMP=C:\Users\haidu\AppData\Local\Temp


JNI global refs:
JNI global refs: 35, weak refs: 6

JNI global refs memory usage: 843, weak refs: 841

OOME stack traces (most recent first):
Classloader memory used:
Loader org.gradle.internal.classloader.VisitableURLClassLoader                         : 3375K
Loader bootstrap                                                                       : 2428K
Loader org.gradle.initialization.MixInLegacyTypesClassLoader                           : 993K
Loader org.gradle.internal.classloader.VisitableURLClassLoader$InstrumentingVisitableURLClassLoader: 211K
Loader jdk.internal.loader.ClassLoaders$PlatformClassLoader                            : 67205B
Loader jdk.internal.loader.ClassLoaders$AppClassLoader                                 : 28345B
Loader jdk.internal.reflect.DelegatingClassLoader                                      : 14504B
Loader org.gradle.groovy.scripts.internal.DefaultScriptCompilationHandler$ScriptClassLoader: 1712B
Loader org.codehaus.groovy.runtime.callsite.CallSiteClassLoader                        : 356B

Classes loaded by more than one classloader:
Class Program                                                                         : loaded 4 times (x 72B)
Class com.google.common.collect.SingletonImmutableList                                : loaded 2 times (x 167B)
Class org.gradle.internal.classpath.ClassPath                                         : loaded 2 times (x 68B)
Class org.gradle.api.internal.classpath.DefaultModuleRegistry                         : loaded 2 times (x 84B)
Class Settings_gradle$1$1                                                             : loaded 2 times (x 72B)
Class com.google.common.collect.ListMultimap                                          : loaded 2 times (x 68B)
Class com.google.common.base.CharMatcher$JavaDigit                                    : loaded 2 times (x 109B)
Class com.google.common.base.CharMatcher$Digit                                        : loaded 2 times (x 110B)
Class com.google.common.collect.AbstractMultimap                                      : loaded 2 times (x 121B)
Class org.gradle.api.Action                                                           : loaded 2 times (x 68B)
Class com.google.common.collect.ImmutableEntry                                        : loaded 2 times (x 80B)
Class com.google.common.collect.Lists$StringAsImmutableList                           : loaded 2 times (x 167B)
Class com.google.common.base.CharMatcher                                              : loaded 2 times (x 109B)
Class com.google.common.base.CharMatcher$IsNot                                        : loaded 2 times (x 109B)
Class com.google.common.base.Splitter                                                 : loaded 2 times (x 70B)
Class org.gradle.api.internal.DefaultClassPathProvider                                : loaded 2 times (x 74B)
Class org.gradle.internal.installation.GradleInstallation$1                           : loaded 2 times (x 73B)
Class com.google.common.base.CharMatcher$BitSetMatcher                                : loaded 2 times (x 110B)
Class com.google.common.collect.ImmutableMap$IteratorBasedImmutableMap                : loaded 2 times (x 123B)
Class com.google.common.collect.ImmutableMap                                          : loaded 2 times (x 118B)
Class com.google.common.base.Converter                                                : loaded 2 times (x 88B)
Class com.google.common.collect.ImmutableSet$EmptySetBuilderImpl                      : loaded 2 times (x 74B)
Class com.google.common.base.Predicate                                                : loaded 2 times (x 68B)
Class org.gradle.internal.classloader.FilteringClassLoader                            : loaded 2 times (x 102B)
Class com.google.common.collect.RegularImmutableSet                                   : loaded 2 times (x 146B)
Class org.gradle.internal.classpath.DefaultClassPath$ImmutableUniqueList$Builder      : loaded 2 times (x 73B)
Class com.google.common.collect.Maps$8                                                : loaded 2 times (x 80B)
Class com.google.common.base.CharMatcher$InRange                                      : loaded 2 times (x 109B)
Class com.google.common.collect.BiMap                                                 : loaded 2 times (x 68B)
Class com.google.common.collect.Lists                                                 : loaded 2 times (x 69B)
Class com.google.common.math.IntMath$1                                                : loaded 2 times (x 69B)
Class org.gradle.internal.classloader.ClassLoaderVisitor                              : loaded 2 times (x 74B)
Class com.google.common.math.MathPreconditions                                        : loaded 2 times (x 69B)
Class org.gradle.internal.service.DefaultServiceLocator                               : loaded 2 times (x 81B)
Class org.gradle.internal.service.UnknownServiceException                             : loaded 2 times (x 81B)
Class com.google.common.collect.ArrayListMultimap                                     : loaded 2 times (x 170B)
Class org.gradle.internal.classloader.DefaultClassLoaderFactory                       : loaded 2 times (x 80B)
Class com.google.common.collect.UnmodifiableIterator                                  : loaded 2 times (x 78B)
Class com.google.common.base.CharMatcher$SingleWidth                                  : loaded 2 times (x 110B)
Class com.google.common.collect.Hashing                                               : loaded 2 times (x 69B)
Class com.google.common.base.JdkPattern                                               : loaded 2 times (x 73B)
Class com.google.common.collect.Multimap                                              : loaded 2 times (x 68B)
Class org.gradle.internal.classloader.VisitableURLClassLoader$Spec                    : loaded 2 times (x 72B)
Class org.gradle.api.GradleException                                                  : loaded 2 times (x 80B)
Class com.google.common.base.CharMatcher$JavaLetterOrDigit                            : loaded 2 times (x 109B)
Class org.gradle.api.internal.classpath.ModuleRegistry                                : loaded 2 times (x 68B)
Class com.google.common.collect.ImmutableCollection                                   : loaded 2 times (x 123B)
Class org.gradle.api.internal.ClassPathProvider                                       : loaded 2 times (x 68B)
Class com.google.common.collect.RegularImmutableMap$Values                            : loaded 2 times (x 167B)
Class org.gradle.internal.classloader.ClasspathUtil$1                                 : loaded 2 times (x 74B)
Class com.google.common.collect.ImmutableEnumMap                                      : loaded 2 times (x 123B)
Class com.google.common.collect.ImmutableList$ReverseImmutableList                    : loaded 2 times (x 168B)
Class org.gradle.internal.classloader.ClassLoaderFactory                              : loaded 2 times (x 68B)
Class com.google.common.collect.ObjectArrays                                          : loaded 2 times (x 69B)
Class com.google.common.collect.ImmutableList                                         : loaded 2 times (x 166B)
Class org.gradle.api.internal.classpath.ManifestUtil                                  : loaded 2 times (x 69B)
Class org.gradle.api.specs.Spec                                                       : loaded 2 times (x 68B)
Class com.google.common.base.CharMatcher$Whitespace                                   : loaded 2 times (x 110B)
Class com.google.common.collect.RegularImmutableMap$BucketOverflowException           : loaded 2 times (x 80B)
Class com.google.common.base.Preconditions                                            : loaded 2 times (x 69B)
Class com.google.common.base.Function                                                 : loaded 2 times (x 68B)
Class org.gradle.internal.IoActions                                                   : loaded 2 times (x 69B)
Class com.google.common.collect.RegularImmutableMap$KeySet                            : loaded 2 times (x 148B)
Class com.google.common.collect.CollectPreconditions                                  : loaded 2 times (x 69B)
Class com.google.common.collect.Maps                                                  : loaded 2 times (x 69B)
Class com.google.common.collect.RegularImmutableMap                                   : loaded 2 times (x 119B)
Class com.google.common.collect.AbstractIndexedListIterator                           : loaded 2 times (x 94B)
Class com.google.common.base.CharMatcher$None                                         : loaded 2 times (x 110B)
Class org.gradle.api.internal.classpath.EffectiveClassPath                            : loaded 2 times (x 88B)
Class com.google.common.collect.UnmodifiableListIterator                              : loaded 2 times (x 93B)
Class com.google.common.collect.ImmutableList$1                                       : loaded 2 times (x 95B)
Class com.google.common.base.Splitter$Strategy                                        : loaded 2 times (x 68B)
Class com.google.common.collect.ImmutableMapEntrySet$RegularEntrySet                  : loaded 2 times (x 149B)
Class org.gradle.internal.installation.CurrentGradleInstallation                      : loaded 2 times (x 71B)
Class org.gradle.internal.agents.InstrumentingClassLoader                             : loaded 2 times (x 68B)
Class org.gradle.internal.installation.CurrentGradleInstallationLocator               : loaded 2 times (x 69B)
Class org.gradle.api.internal.classpath.Module                                        : loaded 2 times (x 68B)
Class com.google.common.base.Splitter$1$1                                             : loaded 2 times (x 84B)
Class com.google.common.collect.ImmutableSet$JdkBackedSetBuilderImpl                  : loaded 2 times (x 74B)
Class com.google.common.collect.ImmutableSet$RegularSetBuilderImpl                    : loaded 2 times (x 75B)
Class org.gradle.internal.service.CachingServiceLocator                               : loaded 2 times (x 80B)
Class org.gradle.internal.classpath.DefaultClassPath                                  : loaded 2 times (x 88B)
Class com.google.common.base.Splitter$SplittingIterator                               : loaded 2 times (x 82B)
Class com.google.common.base.CharMatcher$Is                                           : loaded 2 times (x 109B)
Class com.google.common.collect.RegularImmutableAsList                                : loaded 2 times (x 176B)
Class com.google.common.collect.ImmutableMapEntrySet                                  : loaded 2 times (x 149B)
Class com.google.common.collect.ImmutableBiMapFauxverideShim                          : loaded 2 times (x 118B)
Class org.gradle.internal.classloader.SystemClassLoaderSpec                           : loaded 2 times (x 69B)
Class com.google.common.collect.SingletonImmutableSet                                 : loaded 2 times (x 144B)
Class [Lcom.google.common.base.AbstractIterator$State;                                : loaded 2 times (x 67B)
Class com.google.common.collect.ImmutableMap$Builder                                  : loaded 2 times (x 80B)
Class com.google.common.base.AbstractIterator                                         : loaded 2 times (x 78B)
Class com.google.common.base.AbstractIterator$1                                       : loaded 2 times (x 69B)
Class com.google.common.base.CharMatcher$1                                            : loaded 2 times (x 111B)
Class com.google.common.base.CharMatcher$Ascii                                        : loaded 2 times (x 110B)
Class org.gradle.api.UncheckedIOException                                             : loaded 2 times (x 80B)
Class com.google.common.base.CharMatcher$And                                          : loaded 2 times (x 110B)
Class com.google.common.collect.IndexedImmutableSet                                   : loaded 2 times (x 148B)
Class com.google.common.collect.AbstractListMultimap                                  : loaded 2 times (x 170B)
Class com.google.common.base.CharMatcher$Any                                          : loaded 2 times (x 110B)
Class org.gradle.internal.installation.GradleInstallation                             : loaded 2 times (x 73B)
Class com.google.common.collect.ArrayListMultimapGwtSerializationDependencies         : loaded 2 times (x 170B)
Class com.google.common.base.CharMatcher$RangesMatcher                                : loaded 2 times (x 110B)
Class com.google.common.collect.ImmutableList$SubList                                 : loaded 2 times (x 168B)
Class org.gradle.internal.classloader.ClasspathUtil                                   : loaded 2 times (x 69B)
Class com.google.common.base.Splitter$1                                               : loaded 2 times (x 75B)
Class com.google.common.collect.Maps$BiMapConverter                                   : loaded 2 times (x 88B)
Class org.gradle.api.internal.DefaultClassPathRegistry                                : loaded 2 times (x 74B)
Class com.google.common.collect.ImmutableSet$SetBuilderImpl                           : loaded 2 times (x 74B)
Class org.gradle.api.internal.classpath.DefaultModuleRegistry$DefaultModule           : loaded 2 times (x 84B)
Class com.google.common.base.CharMatcher$JavaIsoControl                               : loaded 2 times (x 110B)
Class com.google.common.collect.ImmutableMap$1                                        : loaded 2 times (x 79B)
Class com.google.common.base.CharMatcher$Or                                           : loaded 2 times (x 110B)
Class com.google.common.collect.Iterables                                             : loaded 2 times (x 69B)
Class com.google.common.base.CharMatcher$JavaLowerCase                                : loaded 2 times (x 109B)
Class org.gradle.api.internal.classpath.UnknownModuleException                        : loaded 2 times (x 80B)
Class com.google.common.collect.Maps$EntryTransformer                                 : loaded 2 times (x 68B)
Class com.google.common.collect.ImmutableCollection$Builder                           : loaded 2 times (x 74B)
Class com.google.common.base.CommonPattern                                            : loaded 2 times (x 72B)
Class org.gradle.internal.service.ServiceLookupException                              : loaded 2 times (x 80B)
Class org.gradle.cache.GlobalCache                                                    : loaded 2 times (x 68B)
Class com.google.common.base.CharMatcher$NegatedFastMatcher                           : loaded 2 times (x 111B)
Class [Lorg.gradle.api.internal.ClassPathProvider;                                    : loaded 2 times (x 67B)
Class org.gradle.util.internal.GUtil                                                  : loaded 2 times (x 69B)
Class com.google.common.math.IntMath                                                  : loaded 2 times (x 69B)
Class org.gradle.internal.classloader.ClassLoaderSpec                                 : loaded 2 times (x 69B)
Class com.google.common.base.NullnessCasts                                            : loaded 2 times (x 69B)
Class com.google.common.collect.AbstractMapEntry                                      : loaded 2 times (x 79B)
Class com.google.common.base.CharMatcher$Negated                                      : loaded 2 times (x 111B)
Class com.google.common.collect.ImmutableSet$Builder                                  : loaded 2 times (x 83B)
Class com.google.common.base.CharMatcher$ForPredicate                                 : loaded 2 times (x 110B)
Class com.google.common.collect.ImmutableMap$MapViewOfValuesAsSingletonSets           : loaded 2 times (x 123B)
Class com.google.common.collect.SortedMapDifference                                   : loaded 2 times (x 68B)
Class org.gradle.internal.classloader.VisitableURLClassLoader                         : loaded 2 times (x 114B)
Class com.google.common.collect.ImmutableBiMap                                        : loaded 2 times (x 141B)
Class org.gradle.internal.Cast                                                        : loaded 2 times (x 69B)
Class org.gradle.api.internal.ClassPathRegistry                                       : loaded 2 times (x 68B)
Class com.google.common.collect.ImmutableSet                                          : loaded 2 times (x 143B)
Class org.gradle.internal.classloader.VisitableURLClassLoader$InstrumentingVisitableURLClassLoader: loaded 2 times (x 120B)
Class org.gradle.internal.classloader.ClassLoaderHierarchy                            : loaded 2 times (x 68B)
Class com.google.common.base.AbstractIterator$State                                   : loaded 2 times (x 77B)
Class com.google.common.base.CharMatcher$NamedFastMatcher                             : loaded 2 times (x 110B)
Class org.gradle.internal.InternalTransformer                                         : loaded 2 times (x 68B)
Class org.gradle.internal.service.ServiceLocator                                      : loaded 2 times (x 68B)
Class Settings_gradle$1                                                               : loaded 2 times (x 72B)
Class com.google.common.collect.ImmutableMapEntry                                     : loaded 2 times (x 83B)
Class com.google.common.base.CharMatcher$Invisible                                    : loaded 2 times (x 110B)
Class com.google.common.base.CharMatcher$FastMatcher                                  : loaded 2 times (x 109B)
Class org.gradle.internal.classpath.DefaultClassPath$ImmutableUniqueList              : loaded 2 times (x 159B)
Class com.google.common.base.CharMatcher$JavaLetter                                   : loaded 2 times (x 109B)
Class org.gradle.internal.classpath.TransformedClassPath                              : loaded 2 times (x 94B)
Class com.google.common.collect.MapDifference                                         : loaded 2 times (x 68B)
Class Settings_gradle                                                                 : loaded 2 times (x 126B)
Class com.google.common.collect.Platform                                              : loaded 2 times (x 69B)
Class com.google.common.collect.ImmutableAsList                                       : loaded 2 times (x 169B)
Class com.google.common.base.CharMatcher$AnyOf                                        : loaded 2 times (x 110B)
Class com.google.common.base.CharMatcher$IsEither                                     : loaded 2 times (x 109B)
Class com.google.common.collect.RegularImmutableList                                  : loaded 2 times (x 172B)
Class com.google.common.base.CharMatcher$JavaUpperCase                                : loaded 2 times (x 109B)
Class com.google.common.collect.Multiset                                              : loaded 2 times (x 68B)
Class com.google.common.collect.ImmutableSet$CachingAsList                            : loaded 2 times (x 145B)
Class com.google.common.collect.ImmutableMapEntry$NonTerminalImmutableMapEntry        : loaded 2 times (x 83B)
Class com.google.common.collect.AbstractMapBasedMultimap                              : loaded 2 times (x 137B)


---------------  S Y S T E M  ---------------

OS:
 Windows 11 , 64 bit Build 22621 (10.0.22621.3235)
OS uptime: 1 days 3:05 hours
Hyper-V role detected

CPU: total 16 (initial active 16) (8 cores per cpu, 2 threads per core) family 6 model 141 stepping 1 microcode 0x26, cx8, cmov, fxsr, ht, mmx, 3dnowpref, sse, sse2, sse3, ssse3, sse4.1, sse4.2, popcnt, lzcnt, tsc, tscinvbit, avx, avx2, aes, erms, clmul, bmi1, bmi2, adx, avx512f, avx512dq, avx512cd, avx512bw, avx512vl, sha, fma, vzeroupper, avx512_vpopcntdq, avx512_vpclmulqdq, avx512_vaes, avx512_vnni, clflush, clflushopt, clwb, avx512_vbmi2, avx512_vbmi, hv

Memory: 4k page, system-wide physical 7893M (369M free)
TotalPageFile size 32469M (AvailPageFile size 22M)
current process WorkingSet (physical memory assigned to process): 282M, peak: 282M
current process commit charge ("private bytes"): 329M, peak: 349M

vm_info: OpenJDK 64-Bit Server VM (17.0.7+0-b2043.56-10550314) for windows-amd64 JRE (17.0.7+0-b2043.56-10550314), built on Jul 24 2023 18:27:45 by "androidbuild" with MS VC++ 16.10 / 16.11 (VS2019)

END.
